<?xml version="1.0" encoding="UTF-8"?>
<coverage generated="1752081085784" clover="3.2.0">
  <project timestamp="1752081085784" name="All files">
    <metrics statements="39" coveredstatements="36" conditionals="18" coveredconditionals="14" methods="13" coveredmethods="13" elements="70" coveredelements="63" complexity="0" loc="39" ncloc="39" packages="1" files="3" classes="3"/>
    <file name="IncidentForm.tsx" path="/app/components/IncidentForm.tsx">
      <metrics statements="15" coveredstatements="14" conditionals="6" coveredconditionals="5" methods="4" coveredmethods="4"/>
      <line num="11" count="6" type="stmt"/>
      <line num="12" count="6" type="stmt"/>
      <line num="13" count="6" type="stmt"/>
      <line num="15" count="6" type="stmt"/>
      <line num="16" count="1" type="cond" truecount="1" falsecount="1"/>
      <line num="17" count="1" type="stmt"/>
      <line num="18" count="1" type="stmt"/>
      <line num="19" count="1" type="stmt"/>
      <line num="27" count="1" type="stmt"/>
      <line num="28" count="1" type="stmt"/>
      <line num="30" count="0" type="stmt"/>
      <line num="32" count="1" type="stmt"/>
      <line num="36" count="6" type="stmt"/>
      <line num="39" count="1" type="stmt"/>
      <line num="47" count="1" type="stmt"/>
    </file>
    <file name="IncidentList.tsx" path="/app/components/IncidentList.tsx">
      <metrics statements="23" coveredstatements="21" conditionals="12" coveredconditionals="9" methods="8" coveredmethods="8"/>
      <line num="18" count="5" type="stmt"/>
      <line num="19" count="5" type="stmt"/>
      <line num="21" count="5" type="stmt"/>
      <line num="22" count="1" type="cond" truecount="1" falsecount="1"/>
      <line num="23" count="1" type="stmt"/>
      <line num="24" count="1" type="stmt"/>
      <line num="25" count="1" type="stmt"/>
      <line num="26" count="1" type="stmt"/>
      <line num="30" count="1" type="stmt"/>
      <line num="32" count="0" type="stmt"/>
      <line num="34" count="1" type="stmt"/>
      <line num="39" count="5" type="stmt"/>
      <line num="40" count="1" type="cond" truecount="1" falsecount="1"/>
      <line num="41" count="1" type="stmt"/>
      <line num="42" count="1" type="stmt"/>
      <line num="43" count="1" type="stmt"/>
      <line num="47" count="1" type="stmt"/>
      <line num="48" count="1" type="cond" truecount="1" falsecount="1"/>
      <line num="50" count="0" type="stmt"/>
      <line num="52" count="1" type="stmt"/>
      <line num="56" count="5" type="stmt"/>
      <line num="60" count="3" type="stmt"/>
      <line num="64" count="1" type="stmt"/>
    </file>
    <file name="Loader.tsx" path="/app/components/Loader.tsx">
      <metrics statements="1" coveredstatements="1" conditionals="0" coveredconditionals="0" methods="1" coveredmethods="1"/>
      <line num="3" count="3" type="stmt"/>
    </file>
  </project>
</coverage>
