{"/app/components/IncidentForm.tsx": {"path":"/app/components/IncidentForm.tsx","statementMap":{"0":{"start":{"line":10,"column":0},"end":{"line":10,"column":24}},"1":{"start":{"line":2,"column":0},"end":{"line":2,"column":33}},"2":{"start":{"line":3,"column":0},"end":{"line":3,"column":30}},"3":{"start":{"line":11,"column":26},"end":{"line":11,"column":42}},"4":{"start":{"line":12,"column":40},"end":{"line":12,"column":52}},"5":{"start":{"line":13,"column":32},"end":{"line":13,"column":47}},"6":{"start":{"line":15,"column":17},"end":{"line":34,"column":4}},"7":{"start":{"line":15,"column":28},"end":{"line":34,"column":4}},"8":{"start":{"line":16,"column":4},"end":{"line":16,"column":23}},"9":{"start":{"line":16,"column":16},"end":{"line":16,"column":23}},"10":{"start":{"line":17,"column":4},"end":{"line":17,"column":21}},"11":{"start":{"line":18,"column":4},"end":{"line":33,"column":5}},"12":{"start":{"line":19,"column":6},"end":{"line":26,"column":9}},"13":{"start":{"line":27,"column":6},"end":{"line":27,"column":25}},"14":{"start":{"line":28,"column":6},"end":{"line":28,"column":18}},"15":{"start":{"line":30,"column":6},"end":{"line":30,"column":23}},"16":{"start":{"line":32,"column":6},"end":{"line":32,"column":24}},"17":{"start":{"line":36,"column":2},"end":{"line":58,"column":4}},"18":{"start":{"line":39,"column":42},"end":{"line":39,"column":65}},"19":{"start":{"line":47,"column":23},"end":{"line":47,"column":53}}},"fnMap":{"0":{"name":"IncidentForm","decl":{"start":{"line":10,"column":24},"end":{"line":10,"column":36}},"loc":{"start":{"line":10,"column":64},"end":{"line":59,"column":1}}},"1":{"name":"(anonymous_9)","decl":{"start":{"line":15,"column":17},"end":{"line":15,"column":26}},"loc":{"start":{"line":15,"column":28},"end":{"line":34,"column":4}}},"2":{"name":"(anonymous_10)","decl":{"start":{"line":15,"column":28},"end":{"line":15,"column":null}},"loc":{"start":{"line":15,"column":28},"end":{"line":34,"column":3}}},"3":{"name":"(anonymous_11)","decl":{"start":{"line":39,"column":37},"end":{"line":39,"column":38}},"loc":{"start":{"line":39,"column":42},"end":{"line":39,"column":65}}},"4":{"name":"(anonymous_12)","decl":{"start":{"line":47,"column":18},"end":{"line":47,"column":19}},"loc":{"start":{"line":47,"column":23},"end":{"line":47,"column":53}}}},"branchMap":{"0":{"loc":{"start":{"line":16,"column":4},"end":{"line":16,"column":23}},"type":"if","locations":[{"start":{"line":16,"column":4},"end":{"line":16,"column":23}},{"start":{},"end":{}}]},"1":{"loc":{"start":{"line":38,"column":7},"end":{"line":38,"column":28}},"type":"binary-expr","locations":[{"start":{"line":38,"column":7},"end":{"line":38,"column":14}},{"start":{"line":38,"column":18},"end":{"line":38,"column":28}}]},"2":{"loc":{"start":{"line":55,"column":9},"end":{"line":55,"column":48}},"type":"cond-expr","locations":[{"start":{"line":55,"column":19},"end":{"line":55,"column":31}},{"start":{"line":55,"column":34},"end":{"line":55,"column":48}}]}},"s":{"0":1,"1":1,"2":1,"3":6,"4":6,"5":6,"6":6,"7":1,"8":1,"9":0,"10":1,"11":1,"12":1,"13":1,"14":1,"15":0,"16":1,"17":6,"18":1,"19":1},"f":{"0":6,"1":1,"2":1,"3":1,"4":1},"b":{"0":[0,1],"1":[6,1],"2":[1,5]}}
,"/app/components/IncidentList.tsx": {"path":"/app/components/IncidentList.tsx","statementMap":{"0":{"start":{"line":17,"column":0},"end":{"line":17,"column":24}},"1":{"start":{"line":2,"column":0},"end":{"line":2,"column":44}},"2":{"start":{"line":3,"column":0},"end":{"line":3,"column":30}},"3":{"start":{"line":18,"column":36},"end":{"line":18,"column":60}},"4":{"start":{"line":19,"column":32},"end":{"line":19,"column":47}},"5":{"start":{"line":21,"column":2},"end":{"line":37,"column":23}},"6":{"start":{"line":22,"column":4},"end":{"line":22,"column":23}},"7":{"start":{"line":22,"column":16},"end":{"line":22,"column":23}},"8":{"start":{"line":23,"column":4},"end":{"line":36,"column":9}},"9":{"start":{"line":23,"column":16},"end":{"line":36,"column":6}},"10":{"start":{"line":24,"column":6},"end":{"line":24,"column":23}},"11":{"start":{"line":25,"column":6},"end":{"line":35,"column":7}},"12":{"start":{"line":26,"column":20},"end":{"line":28,"column":null}},"13":{"start":{"line":30,"column":8},"end":{"line":30,"column":39}},"14":{"start":{"line":32,"column":8},"end":{"line":32,"column":25}},"15":{"start":{"line":34,"column":8},"end":{"line":34,"column":26}},"16":{"start":{"line":39,"column":20},"end":{"line":54,"column":4}},"17":{"start":{"line":39,"column":41},"end":{"line":54,"column":4}},"18":{"start":{"line":40,"column":4},"end":{"line":40,"column":23}},"19":{"start":{"line":40,"column":16},"end":{"line":40,"column":23}},"20":{"start":{"line":41,"column":4},"end":{"line":41,"column":21}},"21":{"start":{"line":42,"column":4},"end":{"line":53,"column":5}},"22":{"start":{"line":43,"column":18},"end":{"line":45,"column":null}},"23":{"start":{"line":47,"column":26},"end":{"line":47,"column":42}},"24":{"start":{"line":48,"column":6},"end":{"line":48,"column":79}},"25":{"start":{"line":48,"column":27},"end":{"line":48,"column":77}},"26":{"start":{"line":48,"column":41},"end":{"line":48,"column":76}},"27":{"start":{"line":50,"column":6},"end":{"line":50,"column":23}},"28":{"start":{"line":52,"column":6},"end":{"line":52,"column":24}},"29":{"start":{"line":56,"column":2},"end":{"line":74,"column":4}},"30":{"start":{"line":60,"column":8},"end":{"line":60,"column":26}},"31":{"start":{"line":64,"column":27},"end":{"line":64,"column":44}}},"fnMap":{"0":{"name":"IncidentList","decl":{"start":{"line":17,"column":24},"end":{"line":17,"column":36}},"loc":{"start":{"line":17,"column":62},"end":{"line":75,"column":1}}},"1":{"name":"(anonymous_9)","decl":{"start":{"line":21,"column":12},"end":{"line":21,"column":15}},"loc":{"start":{"line":21,"column":17},"end":{"line":37,"column":3}}},"2":{"name":"(anonymous_10)","decl":{"start":{"line":23,"column":5},"end":{"line":23,"column":14}},"loc":{"start":{"line":23,"column":16},"end":{"line":36,"column":6}}},"3":{"name":"(anonymous_11)","decl":{"start":{"line":23,"column":16},"end":{"line":23,"column":null}},"loc":{"start":{"line":23,"column":16},"end":{"line":36,"column":5}}},"4":{"name":"(anonymous_12)","decl":{"start":{"line":39,"column":20},"end":{"line":39,"column":27}},"loc":{"start":{"line":39,"column":41},"end":{"line":54,"column":4}}},"5":{"name":"(anonymous_13)","decl":{"start":{"line":39,"column":41},"end":{"line":39,"column":null}},"loc":{"start":{"line":39,"column":41},"end":{"line":54,"column":3}}},"6":{"name":"(anonymous_14)","decl":{"start":{"line":48,"column":19},"end":{"line":48,"column":23}},"loc":{"start":{"line":48,"column":27},"end":{"line":48,"column":77}}},"7":{"name":"(anonymous_15)","decl":{"start":{"line":48,"column":36},"end":{"line":48,"column":37}},"loc":{"start":{"line":48,"column":41},"end":{"line":48,"column":76}}},"8":{"name":"(anonymous_16)","decl":{"start":{"line":59,"column":21},"end":{"line":59,"column":24}},"loc":{"start":{"line":60,"column":8},"end":{"line":60,"column":26}}},"9":{"name":"(anonymous_17)","decl":{"start":{"line":64,"column":21},"end":{"line":64,"column":24}},"loc":{"start":{"line":64,"column":27},"end":{"line":64,"column":44}}}},"branchMap":{"0":{"loc":{"start":{"line":22,"column":4},"end":{"line":22,"column":23}},"type":"if","locations":[{"start":{"line":22,"column":4},"end":{"line":22,"column":23}},{"start":{},"end":{}}]},"1":{"loc":{"start":{"line":40,"column":4},"end":{"line":40,"column":23}},"type":"if","locations":[{"start":{"line":40,"column":4},"end":{"line":40,"column":23}},{"start":{},"end":{}}]},"2":{"loc":{"start":{"line":48,"column":41},"end":{"line":48,"column":76}},"type":"cond-expr","locations":[{"start":{"line":48,"column":54},"end":{"line":48,"column":73}},{"start":{"line":48,"column":75},"end":{"line":48,"column":76}}]},"3":{"loc":{"start":{"line":58,"column":7},"end":{"line":58,"column":28}},"type":"binary-expr","locations":[{"start":{"line":58,"column":7},"end":{"line":58,"column":14}},{"start":{"line":58,"column":18},"end":{"line":58,"column":28}}]},"4":{"loc":{"start":{"line":68,"column":13},"end":{"line":68,"column":53}},"type":"cond-expr","locations":[{"start":{"line":68,"column":23},"end":{"line":68,"column":39}},{"start":{"line":68,"column":42},"end":{"line":68,"column":53}}]},"5":{"loc":{"start":{"line":70,"column":11},"end":{"line":70,"column":70}},"type":"binary-expr","locations":[{"start":{"line":70,"column":11},"end":{"line":70,"column":22}},{"start":{"line":70,"column":26},"end":{"line":70,"column":70}}]}},"s":{"0":1,"1":1,"2":1,"3":5,"4":5,"5":5,"6":1,"7":0,"8":1,"9":1,"10":1,"11":1,"12":1,"13":1,"14":0,"15":1,"16":5,"17":1,"18":1,"19":0,"20":1,"21":1,"22":1,"23":1,"24":1,"25":1,"26":1,"27":0,"28":1,"29":5,"30":3,"31":1},"f":{"0":5,"1":1,"2":1,"3":1,"4":1,"5":1,"6":1,"7":1,"8":3,"9":1},"b":{"0":[0,1],"1":[0,1],"2":[1,0],"3":[5,2],"4":[1,2],"5":[3,1]}}
,"/app/components/Loader.tsx": {"path":"/app/components/Loader.tsx","statementMap":{"0":{"start":{"line":2,"column":0},"end":{"line":2,"column":24}},"1":{"start":{"line":3,"column":4},"end":{"line":10,"column":6}}},"fnMap":{"0":{"name":"Loader","decl":{"start":{"line":2,"column":24},"end":{"line":2,"column":30}},"loc":{"start":{"line":2,"column":30},"end":{"line":11,"column":1}}}},"branchMap":{},"s":{"0":2,"1":3},"f":{"0":3},"b":{}}
}
