TN:
SF:components/IncidentForm.tsx
FN:10,IncidentForm
FN:15,(anonymous_1)
FN:39,(anonymous_2)
FN:47,(anonymous_3)
FNF:4
FNH:4
FNDA:6,IncidentForm
FNDA:1,(anonymous_1)
FNDA:1,(anonymous_2)
FNDA:1,(anonymous_3)
DA:11,6
DA:12,6
DA:13,6
DA:15,6
DA:16,1
DA:17,1
DA:18,1
DA:19,1
DA:27,1
DA:28,1
DA:30,0
DA:32,1
DA:36,6
DA:39,1
DA:47,1
LF:15
LH:14
BRDA:16,0,0,0
BRDA:16,0,1,1
BRDA:38,1,0,6
BRDA:38,1,1,1
BRDA:55,2,0,1
BRDA:55,2,1,5
BRF:6
BRH:5
end_of_record
TN:
SF:components/IncidentList.tsx
FN:17,IncidentList
FN:21,(anonymous_1)
FN:23,(anonymous_2)
FN:39,(anonymous_3)
FN:48,(anonymous_4)
FN:48,(anonymous_5)
FN:59,(anonymous_6)
FN:64,(anonymous_7)
FNF:8
FNH:8
FNDA:5,IncidentList
FNDA:1,(anonymous_1)
FNDA:1,(anonymous_2)
FNDA:1,(anonymous_3)
FNDA:1,(anonymous_4)
FNDA:1,(anonymous_5)
FNDA:3,(anonymous_6)
FNDA:1,(anonymous_7)
DA:18,5
DA:19,5
DA:21,5
DA:22,1
DA:23,1
DA:24,1
DA:25,1
DA:26,1
DA:30,1
DA:32,0
DA:34,1
DA:39,5
DA:40,1
DA:41,1
DA:42,1
DA:43,1
DA:47,1
DA:48,1
DA:50,0
DA:52,1
DA:56,5
DA:60,3
DA:64,1
LF:23
LH:21
BRDA:22,0,0,0
BRDA:22,0,1,1
BRDA:40,1,0,0
BRDA:40,1,1,1
BRDA:48,2,0,1
BRDA:48,2,1,0
BRDA:58,3,0,5
BRDA:58,3,1,2
BRDA:68,4,0,1
BRDA:68,4,1,2
BRDA:70,5,0,3
BRDA:70,5,1,1
BRF:12
BRH:9
end_of_record
TN:
SF:components/Loader.tsx
FN:2,Loader
FNF:1
FNH:1
FNDA:3,Loader
DA:3,3
LF:1
LH:1
BRF:0
BRH:0
end_of_record
