TN:
SF:components/IncidentForm.tsx
FN:10,IncidentForm
FN:15,(anonymous_9)
FN:15,(anonymous_10)
FN:39,(anonymous_11)
FN:47,(anonymous_12)
FNF:5
FNH:4
FNDA:4,IncidentForm
FNDA:1,(anonymous_9)
FNDA:1,(anonymous_10)
FNDA:0,(anonymous_11)
FNDA:1,(anonymous_12)
DA:2,1
DA:3,1
DA:10,1
DA:11,4
DA:12,4
DA:13,4
DA:15,4
DA:16,1
DA:17,1
DA:18,1
DA:19,1
DA:27,1
DA:28,1
DA:30,0
DA:32,1
DA:36,4
DA:39,0
DA:47,1
LF:18
LH:16
BRDA:16,0,0,0
BRDA:16,0,1,1
BRDA:38,1,0,4
BRDA:38,1,1,1
BRDA:55,2,0,1
BRDA:55,2,1,3
BRF:6
BRH:5
end_of_record
TN:
SF:components/IncidentList.tsx
FN:17,IncidentList
FN:21,(anonymous_9)
FN:23,(anonymous_10)
FN:23,(anonymous_11)
FN:39,(anonymous_12)
FN:39,(anonymous_13)
FN:48,(anonymous_14)
FN:48,(anonymous_15)
FN:59,(anonymous_16)
FN:64,(anonymous_17)
FNF:10
FNH:10
FNDA:5,IncidentList
FNDA:1,(anonymous_9)
FNDA:1,(anonymous_10)
FNDA:1,(anonymous_11)
FNDA:1,(anonymous_12)
FNDA:1,(anonymous_13)
FNDA:1,(anonymous_14)
FNDA:1,(anonymous_15)
FNDA:3,(anonymous_16)
FNDA:1,(anonymous_17)
DA:2,1
DA:3,1
DA:17,1
DA:18,5
DA:19,5
DA:21,5
DA:22,1
DA:23,1
DA:24,1
DA:25,1
DA:26,1
DA:30,1
DA:32,0
DA:34,1
DA:39,5
DA:40,1
DA:41,1
DA:42,1
DA:43,1
DA:47,1
DA:48,1
DA:50,0
DA:52,1
DA:56,5
DA:60,3
DA:64,1
LF:26
LH:24
BRDA:22,0,0,0
BRDA:22,0,1,1
BRDA:40,1,0,0
BRDA:40,1,1,1
BRDA:48,2,0,1
BRDA:48,2,1,0
BRDA:58,3,0,5
BRDA:58,3,1,2
BRDA:68,4,0,1
BRDA:68,4,1,2
BRDA:70,5,0,3
BRDA:70,5,1,1
BRF:12
BRH:9
end_of_record
TN:
SF:components/Loader.tsx
FN:2,Loader
FNF:1
FNH:1
FNDA:3,Loader
DA:2,2
DA:3,3
LF:2
LH:2
BRF:0
BRH:0
end_of_record
