{"/Users/arshitakaur/Downloads/incident-logger/backend/src/config/database.ts": {"path":"/Users/arshitakaur/Downloads/incident-logger/backend/src/config/database.ts","statementMap":{"0":{"start":{"line":1,"column":0},"end":{"line":1,"column":38}},"1":{"start":{"line":2,"column":0},"end":{"line":2,"column":28}},"2":{"start":{"line":4,"column":0},"end":{"line":4,"column":16}},"3":{"start":{"line":6,"column":13},"end":{"line":9,"column":3}}},"fnMap":{},"branchMap":{},"s":{"0":1,"1":1,"2":1,"3":1},"f":{},"b":{}}
,"/Users/arshitakaur/Downloads/incident-logger/backend/src/controllers/incidentController.ts": {"path":"/Users/arshitakaur/Downloads/incident-logger/backend/src/controllers/incidentController.ts","statementMap":{"0":{"start":{"line":7,"column":0},"end":{"line":7,"column":7}},"1":{"start":{"line":14,"column":0},"end":{"line":14,"column":7}},"2":{"start":{"line":20,"column":0},"end":{"line":20,"column":7}},"3":{"start":{"line":2,"column":0},"end":{"line":2,"column":46}},"4":{"start":{"line":3,"column":0},"end":{"line":3,"column":32}},"5":{"start":{"line":4,"column":15},"end":{"line":4,"column":55}},"6":{"start":{"line":5,"column":13},"end":{"line":5,"column":45}},"7":{"start":{"line":8,"column":32},"end":{"line":8,"column":40}},"8":{"start":{"line":9,"column":18},"end":{"line":9,"column":33}},"9":{"start":{"line":10,"column":19},"end":{"line":10,"column":71}},"10":{"start":{"line":11,"column":2},"end":{"line":11,"column":40}},"11":{"start":{"line":15,"column":18},"end":{"line":15,"column":33}},"12":{"start":{"line":16,"column":20},"end":{"line":16,"column":65}},"13":{"start":{"line":17,"column":2},"end":{"line":17,"column":29}},"14":{"start":{"line":21,"column":17},"end":{"line":21,"column":27}},"15":{"start":{"line":22,"column":19},"end":{"line":22,"column":46}},"16":{"start":{"line":23,"column":2},"end":{"line":23,"column":69}},"17":{"start":{"line":23,"column":17},"end":{"line":23,"column":69}},"18":{"start":{"line":24,"column":19},"end":{"line":30,"column":4}},"19":{"start":{"line":31,"column":18},"end":{"line":31,"column":53}},"20":{"start":{"line":32,"column":2},"end":{"line":32,"column":35}},"21":{"start":{"line":33,"column":2},"end":{"line":33,"column":24}},"22":{"start":{"line":34,"column":2},"end":{"line":34,"column":31}}},"fnMap":{"0":{"name":"createIncident","decl":{"start":{"line":7,"column":22},"end":{"line":7,"column":36}},"loc":{"start":{"line":7,"column":64},"end":{"line":12,"column":1}}},"1":{"name":"listIncidents","decl":{"start":{"line":14,"column":22},"end":{"line":14,"column":35}},"loc":{"start":{"line":14,"column":63},"end":{"line":18,"column":1}}},"2":{"name":"summarizeIncident","decl":{"start":{"line":20,"column":22},"end":{"line":20,"column":39}},"loc":{"start":{"line":20,"column":67},"end":{"line":35,"column":1}}}},"branchMap":{"0":{"loc":{"start":{"line":4,"column":15},"end":{"line":4,"column":55}},"type":"binary-expr","locations":[{"start":{"line":4,"column":15},"end":{"line":4,"column":41}},{"start":{"line":4,"column":45},"end":{"line":4,"column":55}}]},"1":{"loc":{"start":{"line":23,"column":2},"end":{"line":23,"column":69}},"type":"if","locations":[{"start":{"line":23,"column":2},"end":{"line":23,"column":69}}]},"2":{"loc":{"start":{"line":32,"column":21},"end":{"line":32,"column":34}},"type":"binary-expr","locations":[{"start":{"line":32,"column":21},"end":{"line":32,"column":28}},{"start":{"line":32,"column":32},"end":{"line":32,"column":34}}]}},"s":{"0":2,"1":2,"2":2,"3":2,"4":2,"5":2,"6":2,"7":1,"8":1,"9":1,"10":1,"11":1,"12":1,"13":1,"14":2,"15":2,"16":2,"17":1,"18":1,"19":1,"20":1,"21":1,"22":1},"f":{"0":1,"1":1,"2":2},"b":{"0":[2,0],"1":[1],"2":[1,0]}}
,"/Users/arshitakaur/Downloads/incident-logger/backend/src/middleware/auth.ts": {"path":"/Users/arshitakaur/Downloads/incident-logger/backend/src/middleware/auth.ts","statementMap":{"0":{"start":{"line":8,"column":0},"end":{"line":8,"column":7}},"1":{"start":{"line":2,"column":0},"end":{"line":2,"column":42}},"2":{"start":{"line":13,"column":17},"end":{"line":13,"column":42}},"3":{"start":{"line":14,"column":2},"end":{"line":16,"column":3}},"4":{"start":{"line":15,"column":4},"end":{"line":15,"column":60}},"5":{"start":{"line":17,"column":18},"end":{"line":17,"column":44}},"6":{"start":{"line":18,"column":2},"end":{"line":24,"column":3}},"7":{"start":{"line":19,"column":20},"end":{"line":19,"column":53}},"8":{"start":{"line":20,"column":4},"end":{"line":20,"column":26}},"9":{"start":{"line":21,"column":4},"end":{"line":21,"column":18}},"10":{"start":{"line":23,"column":4},"end":{"line":23,"column":60}}},"fnMap":{"0":{"name":"authenticate","decl":{"start":{"line":8,"column":22},"end":{"line":8,"column":34}},"loc":{"start":{"line":11,"column":20},"end":{"line":25,"column":1}}}},"branchMap":{"0":{"loc":{"start":{"line":14,"column":2},"end":{"line":16,"column":3}},"type":"if","locations":[{"start":{"line":14,"column":2},"end":{"line":16,"column":3}}]},"1":{"loc":{"start":{"line":14,"column":6},"end":{"line":14,"column":46}},"type":"binary-expr","locations":[{"start":{"line":14,"column":6},"end":{"line":14,"column":13}},{"start":{"line":14,"column":17},"end":{"line":14,"column":46}}]}},"s":{"0":1,"1":1,"2":3,"3":3,"4":1,"5":2,"6":2,"7":2,"8":1,"9":1,"10":1},"f":{"0":3},"b":{"0":[1],"1":[3,2]}}
,"/Users/arshitakaur/Downloads/incident-logger/backend/src/models/incident.ts": {"path":"/Users/arshitakaur/Downloads/incident-logger/backend/src/models/incident.ts","statementMap":{"0":{"start":{"line":1,"column":0},"end":{"line":1,"column":45}},"1":{"start":{"line":2,"column":0},"end":{"line":2,"column":47}},"2":{"start":{"line":4,"column":0},"end":{"line":4,"column":13}},"3":{"start":{"line":12,"column":0},"end":{"line":21,"column":2}}},"fnMap":{},"branchMap":{},"s":{"0":1,"1":1,"2":1,"3":1},"f":{},"b":{}}
,"/Users/arshitakaur/Downloads/incident-logger/backend/src/routes/incidents.ts": {"path":"/Users/arshitakaur/Downloads/incident-logger/backend/src/routes/incidents.ts","statementMap":{"0":{"start":{"line":1,"column":0},"end":{"line":1,"column":33}},"1":{"start":{"line":2,"column":0},"end":{"line":2,"column":50}},"2":{"start":{"line":3,"column":0},"end":{"line":3,"column":null}},"3":{"start":{"line":9,"column":15},"end":{"line":9,"column":23}},"4":{"start":{"line":11,"column":0},"end":{"line":11,"column":56}},"5":{"start":{"line":12,"column":0},"end":{"line":12,"column":54}},"6":{"start":{"line":13,"column":0},"end":{"line":13,"column":73}},"7":{"start":{"line":15,"column":0},"end":{"line":15,"column":22}}},"fnMap":{},"branchMap":{},"s":{"0":1,"1":1,"2":1,"3":1,"4":1,"5":1,"6":1,"7":1},"f":{},"b":{}}
}
