TN:
SF:src/config/database.ts
FNF:0
FNH:0
DA:1,1
DA:2,1
DA:4,1
DA:6,1
LF:4
LH:4
BRF:0
BRH:0
end_of_record
TN:
SF:src/controllers/incidentController.ts
FN:7,createIncident
FN:14,listIncidents
FN:20,summarizeIncident
FNF:3
FNH:3
FNDA:2,createIncident
FNDA:3,listIncidents
FNDA:2,summarizeIncident
DA:2,2
DA:3,2
DA:4,2
DA:5,2
DA:7,2
DA:8,2
DA:9,2
DA:10,2
DA:11,2
DA:14,2
DA:15,3
DA:16,3
DA:17,3
DA:20,2
DA:21,2
DA:22,2
DA:23,2
DA:24,1
DA:31,1
DA:32,1
DA:33,1
DA:34,1
LF:22
LH:22
BRDA:4,0,0,2
BRDA:4,0,1,0
BRDA:23,1,0,1
BRDA:32,2,0,1
BRDA:32,2,1,0
BRF:5
BRH:3
end_of_record
TN:
SF:src/middleware/auth.ts
FN:8,authenticate
FNF:1
FNH:1
FNDA:3,authenticate
DA:2,1
DA:8,1
DA:13,3
DA:14,3
DA:15,1
DA:17,2
DA:18,2
DA:19,2
DA:20,1
DA:21,1
DA:23,1
LF:11
LH:11
BRDA:14,0,0,1
BRDA:14,1,0,3
BRDA:14,1,1,2
BRF:3
BRH:3
end_of_record
TN:
SF:src/models/incident.ts
FNF:0
FNH:0
DA:1,1
DA:2,1
DA:4,1
DA:12,1
LF:4
LH:4
BRF:0
BRH:0
end_of_record
TN:
SF:src/routes/incidents.ts
FNF:0
FNH:0
DA:1,1
DA:2,1
DA:3,1
DA:9,1
DA:11,1
DA:12,1
DA:13,1
DA:15,1
LF:8
LH:8
BRF:0
BRH:0
end_of_record
