TN:
SF:src/config/database.ts
FNF:0
FNH:0
DA:1,1
DA:2,1
DA:4,1
DA:6,1
LF:4
LH:4
BRF:0
BRH:0
end_of_record
TN:
SF:src/controllers/incidentController.ts
FN:7,createIncident
FN:14,listIncidents
FN:20,summarizeIncident
FNF:3
FNH:3
FNDA:4,createIncident
FNDA:6,listIncidents
FNDA:6,summarizeIncident
DA:2,3
DA:3,3
DA:4,3
DA:5,3
DA:7,3
DA:8,4
DA:9,4
DA:10,4
DA:11,3
DA:14,3
DA:15,6
DA:16,6
DA:17,5
DA:20,3
DA:21,6
DA:22,6
DA:23,5
DA:24,4
DA:31,3
DA:32,3
DA:33,3
DA:34,2
LF:22
LH:22
BRDA:4,0,0,3
BRDA:4,0,1,1
BRDA:23,1,0,1
BRDA:32,2,0,3
BRDA:32,2,1,0
BRF:5
BRH:4
end_of_record
TN:
SF:src/middleware/auth.ts
FN:8,authenticate
FNF:1
FNH:1
FNDA:3,authenticate
DA:2,1
DA:8,1
DA:13,3
DA:14,3
DA:15,1
DA:17,2
DA:18,2
DA:19,2
DA:20,1
DA:21,1
DA:23,1
LF:11
LH:11
BRDA:14,0,0,1
BRDA:14,1,0,3
BRDA:14,1,1,2
BRF:3
BRH:3
end_of_record
TN:
SF:src/models/incident.ts
FNF:0
FNH:0
DA:1,1
DA:2,1
DA:4,1
DA:12,1
LF:4
LH:4
BRF:0
BRH:0
end_of_record
TN:
SF:src/routes/incidents.ts
FNF:0
FNH:0
DA:1,1
DA:2,1
DA:3,1
DA:9,1
DA:11,1
DA:12,1
DA:13,1
DA:15,1
LF:8
LH:8
BRF:0
BRH:0
end_of_record
